<?xml version="1.0" encoding="UTF-8"?>
<testsuite xmlns:xsi="http://www.w3.org/2001/XMLSchema-instance" xsi:noNamespaceSchemaLocation="https://maven.apache.org/surefire/maven-surefire-plugin/xsd/surefire-test-report.xsd" name="TestSuite" time="68.042" tests="5" errors="0" skipped="0" failures="0">
  <properties>
    <property name="gopherProxySet" value="false"/>
    <property name="awt.toolkit" value="sun.lwawt.macosx.LWCToolkit"/>
    <property name="file.encoding.pkg" value="sun.io"/>
    <property name="java.specification.version" value="1.8"/>
    <property name="sun.cpu.isalist" value=""/>
    <property name="sun.jnu.encoding" value="UTF-8"/>
    <property name="java.class.path" value="/Users/trungdao/Desktop/eclipse workspace/trungdd-pet-project/target/test-classes:/Users/trungdao/Desktop/eclipse workspace/trungdd-pet-project/target/classes:/Users/trungdao/.m2/repository/org/testng/testng/7.3.0/testng-7.3.0.jar:/Users/trungdao/.m2/repository/com/beust/jcommander/1.78/jcommander-1.78.jar:/Users/trungdao/.m2/repository/org/apache/ant/ant/1.10.3/ant-1.10.3.jar:/Users/trungdao/.m2/repository/org/apache/ant/ant-launcher/1.10.3/ant-launcher-1.10.3.jar:/Users/trungdao/.m2/repository/junit/junit/4.12/junit-4.12.jar:/Users/trungdao/.m2/repository/org/hamcrest/hamcrest-core/1.3/hamcrest-core-1.3.jar:/Users/trungdao/.m2/repository/org/yaml/snakeyaml/1.21/snakeyaml-1.21.jar:/Users/trungdao/.m2/repository/com/google/inject/guice/4.2.3/guice-4.2.3.jar:/Users/trungdao/.m2/repository/javax/inject/javax.inject/1/javax.inject-1.jar:/Users/trungdao/.m2/repository/aopalliance/aopalliance/1.0/aopalliance-1.0.jar:/Users/trungdao/.m2/repository/com/google/guava/guava/27.1-jre/guava-27.1-jre.jar:/Users/trungdao/.m2/repository/com/google/guava/failureaccess/1.0.1/failureaccess-1.0.1.jar:/Users/trungdao/.m2/repository/com/google/guava/listenablefuture/9999.0-empty-to-avoid-conflict-with-guava/listenablefuture-9999.0-empty-to-avoid-conflict-with-guava.jar:/Users/trungdao/.m2/repository/com/google/code/findbugs/jsr305/3.0.2/jsr305-3.0.2.jar:/Users/trungdao/.m2/repository/org/checkerframework/checker-qual/2.5.2/checker-qual-2.5.2.jar:/Users/trungdao/.m2/repository/com/google/errorprone/error_prone_annotations/2.2.0/error_prone_annotations-2.2.0.jar:/Users/trungdao/.m2/repository/com/google/j2objc/j2objc-annotations/1.1/j2objc-annotations-1.1.jar:/Users/trungdao/.m2/repository/org/codehaus/mojo/animal-sniffer-annotations/1.17/animal-sniffer-annotations-1.17.jar:/Users/trungdao/.m2/repository/org/seleniumhq/selenium/selenium-java/3.141.59/selenium-java-3.141.59.jar:/Users/trungdao/.m2/repository/org/seleniumhq/selenium/selenium-api/3.141.59/selenium-api-3.141.59.jar:/Users/trungdao/.m2/repository/org/seleniumhq/selenium/selenium-chrome-driver/3.141.59/selenium-chrome-driver-3.141.59.jar:/Users/trungdao/.m2/repository/org/seleniumhq/selenium/selenium-edge-driver/3.141.59/selenium-edge-driver-3.141.59.jar:/Users/trungdao/.m2/repository/org/seleniumhq/selenium/selenium-firefox-driver/3.141.59/selenium-firefox-driver-3.141.59.jar:/Users/trungdao/.m2/repository/org/seleniumhq/selenium/selenium-ie-driver/3.141.59/selenium-ie-driver-3.141.59.jar:/Users/trungdao/.m2/repository/org/seleniumhq/selenium/selenium-opera-driver/3.141.59/selenium-opera-driver-3.141.59.jar:/Users/trungdao/.m2/repository/org/seleniumhq/selenium/selenium-remote-driver/3.141.59/selenium-remote-driver-3.141.59.jar:/Users/trungdao/.m2/repository/org/seleniumhq/selenium/selenium-safari-driver/3.141.59/selenium-safari-driver-3.141.59.jar:/Users/trungdao/.m2/repository/org/seleniumhq/selenium/selenium-support/3.141.59/selenium-support-3.141.59.jar:/Users/trungdao/.m2/repository/net/bytebuddy/byte-buddy/1.8.15/byte-buddy-1.8.15.jar:/Users/trungdao/.m2/repository/org/apache/commons/commons-exec/1.3/commons-exec-1.3.jar:/Users/trungdao/.m2/repository/com/squareup/okhttp3/okhttp/3.11.0/okhttp-3.11.0.jar:/Users/trungdao/.m2/repository/com/squareup/okio/okio/1.14.0/okio-1.14.0.jar:/Users/trungdao/.m2/repository/io/github/bonigarcia/webdrivermanager/4.1.0/webdrivermanager-4.1.0.jar:/Users/trungdao/.m2/repository/org/slf4j/slf4j-api/1.7.30/slf4j-api-1.7.30.jar:/Users/trungdao/.m2/repository/commons-io/commons-io/2.7/commons-io-2.7.jar:/Users/trungdao/.m2/repository/com/google/code/gson/gson/2.8.6/gson-2.8.6.jar:/Users/trungdao/.m2/repository/org/apache/commons/commons-lang3/3.10/commons-lang3-3.10.jar:/Users/trungdao/.m2/repository/org/apache/httpcomponents/client5/httpclient5/5.0.1/httpclient5-5.0.1.jar:/Users/trungdao/.m2/repository/org/apache/httpcomponents/core5/httpcore5/5.0.1/httpcore5-5.0.1.jar:/Users/trungdao/.m2/repository/org/apache/httpcomponents/core5/httpcore5-h2/5.0.1/httpcore5-h2-5.0.1.jar:/Users/trungdao/.m2/repository/commons-codec/commons-codec/1.13/commons-codec-1.13.jar:/Users/trungdao/.m2/repository/org/rauschig/jarchivelib/1.0.0/jarchivelib-1.0.0.jar:/Users/trungdao/.m2/repository/org/jsoup/jsoup/1.13.1/jsoup-1.13.1.jar:/Users/trungdao/.m2/repository/org/uncommons/reportng/1.1.4/reportng-1.1.4.jar:/Users/trungdao/.m2/repository/velocity/velocity/1.4/velocity-1.4.jar:/Users/trungdao/.m2/repository/velocity/velocity-dep/1.4/velocity-dep-1.4.jar:/Users/trungdao/.m2/repository/com/fasterxml/jackson/core/jackson-databind/2.11.2/jackson-databind-2.11.2.jar:/Users/trungdao/.m2/repository/com/fasterxml/jackson/core/jackson-annotations/2.11.2/jackson-annotations-2.11.2.jar:/Users/trungdao/.m2/repository/com/fasterxml/jackson/core/jackson-core/2.11.2/jackson-core-2.11.2.jar:/Users/trungdao/.m2/repository/com/aventstack/extentreports/5.0.3/extentreports-5.0.3.jar:/Users/trungdao/.m2/repository/io/reactivex/rxjava3/rxjava/3.0.4/rxjava-3.0.4.jar:/Users/trungdao/.m2/repository/org/reactivestreams/reactive-streams/1.0.3/reactive-streams-1.0.3.jar:/Users/trungdao/.m2/repository/org/freemarker/freemarker/2.3.30/freemarker-2.3.30.jar:/Users/trungdao/.m2/repository/org/projectlombok/lombok/1.18.12/lombok-1.18.12.jar:/Users/trungdao/.m2/repository/log4j/log4j/1.2.17/log4j-1.2.17.jar:/Users/trungdao/.m2/repository/commons-logging/commons-logging/1.2/commons-logging-1.2.jar:/Users/trungdao/.m2/repository/com/github/javafaker/javafaker/1.0.2/javafaker-1.0.2.jar:/Users/trungdao/.m2/repository/org/yaml/snakeyaml/1.23/snakeyaml-1.23-android.jar:/Users/trungdao/.m2/repository/com/github/mifmif/generex/1.0.2/generex-1.0.2.jar:/Users/trungdao/.m2/repository/dk/brics/automaton/automaton/1.11-8/automaton-1.11-8.jar:/Users/trungdao/.m2/repository/org/apache/poi/poi-ooxml/4.1.2/poi-ooxml-4.1.2.jar:/Users/trungdao/.m2/repository/org/apache/poi/poi/4.1.2/poi-4.1.2.jar:/Users/trungdao/.m2/repository/org/apache/commons/commons-collections4/4.4/commons-collections4-4.4.jar:/Users/trungdao/.m2/repository/org/apache/commons/commons-math3/3.6.1/commons-math3-3.6.1.jar:/Users/trungdao/.m2/repository/com/zaxxer/SparseBitSet/1.2/SparseBitSet-1.2.jar:/Users/trungdao/.m2/repository/org/apache/poi/poi-ooxml-schemas/4.1.2/poi-ooxml-schemas-4.1.2.jar:/Users/trungdao/.m2/repository/org/apache/xmlbeans/xmlbeans/3.1.0/xmlbeans-3.1.0.jar:/Users/trungdao/.m2/repository/org/apache/commons/commons-compress/1.19/commons-compress-1.19.jar:/Users/trungdao/.m2/repository/com/github/virtuald/curvesapi/1.06/curvesapi-1.06.jar:/Users/trungdao/.m2/repository/org/slf4j/slf4j-nop/1.7.30/slf4j-nop-1.7.30.jar:"/>
    <property name="java.vm.vendor" value="Oracle Corporation"/>
    <property name="sun.arch.data.model" value="64"/>
    <property name="java.vendor.url" value="http://java.oracle.com/"/>
    <property name="user.timezone" value=""/>
    <property name="java.vm.specification.version" value="1.8"/>
    <property name="os.name" value="Mac OS X"/>
    <property name="user.country" value="VN"/>
    <property name="sun.java.launcher" value="SUN_STANDARD"/>
    <property name="sun.boot.library.path" value="/Library/Java/JavaVirtualMachines/jdk1.8.0_271.jdk/Contents/Home/jre/lib"/>
    <property name="sun.java.command" value="/Users/trungdao/Desktop/eclipse workspace/trungdd-pet-project/target/surefire/surefirebooter8005467599975786064.jar /Users/trungdao/Desktop/eclipse workspace/trungdd-pet-project/target/surefire 2021-09-13T22-28-28_154-jvmRun1 surefire6583282309014474035tmp surefire_03666290435304182514tmp"/>
    <property name="http.nonProxyHosts" value="local|*.local|169.254/16|*.169.254/16"/>
    <property name="surefire.test.class.path" value="/Users/trungdao/Desktop/eclipse workspace/trungdd-pet-project/target/test-classes:/Users/trungdao/Desktop/eclipse workspace/trungdd-pet-project/target/classes:/Users/trungdao/.m2/repository/org/testng/testng/7.3.0/testng-7.3.0.jar:/Users/trungdao/.m2/repository/com/beust/jcommander/1.78/jcommander-1.78.jar:/Users/trungdao/.m2/repository/org/apache/ant/ant/1.10.3/ant-1.10.3.jar:/Users/trungdao/.m2/repository/org/apache/ant/ant-launcher/1.10.3/ant-launcher-1.10.3.jar:/Users/trungdao/.m2/repository/junit/junit/4.12/junit-4.12.jar:/Users/trungdao/.m2/repository/org/hamcrest/hamcrest-core/1.3/hamcrest-core-1.3.jar:/Users/trungdao/.m2/repository/org/yaml/snakeyaml/1.21/snakeyaml-1.21.jar:/Users/trungdao/.m2/repository/com/google/inject/guice/4.2.3/guice-4.2.3.jar:/Users/trungdao/.m2/repository/javax/inject/javax.inject/1/javax.inject-1.jar:/Users/trungdao/.m2/repository/aopalliance/aopalliance/1.0/aopalliance-1.0.jar:/Users/trungdao/.m2/repository/com/google/guava/guava/27.1-jre/guava-27.1-jre.jar:/Users/trungdao/.m2/repository/com/google/guava/failureaccess/1.0.1/failureaccess-1.0.1.jar:/Users/trungdao/.m2/repository/com/google/guava/listenablefuture/9999.0-empty-to-avoid-conflict-with-guava/listenablefuture-9999.0-empty-to-avoid-conflict-with-guava.jar:/Users/trungdao/.m2/repository/com/google/code/findbugs/jsr305/3.0.2/jsr305-3.0.2.jar:/Users/trungdao/.m2/repository/org/checkerframework/checker-qual/2.5.2/checker-qual-2.5.2.jar:/Users/trungdao/.m2/repository/com/google/errorprone/error_prone_annotations/2.2.0/error_prone_annotations-2.2.0.jar:/Users/trungdao/.m2/repository/com/google/j2objc/j2objc-annotations/1.1/j2objc-annotations-1.1.jar:/Users/trungdao/.m2/repository/org/codehaus/mojo/animal-sniffer-annotations/1.17/animal-sniffer-annotations-1.17.jar:/Users/trungdao/.m2/repository/org/seleniumhq/selenium/selenium-java/3.141.59/selenium-java-3.141.59.jar:/Users/trungdao/.m2/repository/org/seleniumhq/selenium/selenium-api/3.141.59/selenium-api-3.141.59.jar:/Users/trungdao/.m2/repository/org/seleniumhq/selenium/selenium-chrome-driver/3.141.59/selenium-chrome-driver-3.141.59.jar:/Users/trungdao/.m2/repository/org/seleniumhq/selenium/selenium-edge-driver/3.141.59/selenium-edge-driver-3.141.59.jar:/Users/trungdao/.m2/repository/org/seleniumhq/selenium/selenium-firefox-driver/3.141.59/selenium-firefox-driver-3.141.59.jar:/Users/trungdao/.m2/repository/org/seleniumhq/selenium/selenium-ie-driver/3.141.59/selenium-ie-driver-3.141.59.jar:/Users/trungdao/.m2/repository/org/seleniumhq/selenium/selenium-opera-driver/3.141.59/selenium-opera-driver-3.141.59.jar:/Users/trungdao/.m2/repository/org/seleniumhq/selenium/selenium-remote-driver/3.141.59/selenium-remote-driver-3.141.59.jar:/Users/trungdao/.m2/repository/org/seleniumhq/selenium/selenium-safari-driver/3.141.59/selenium-safari-driver-3.141.59.jar:/Users/trungdao/.m2/repository/org/seleniumhq/selenium/selenium-support/3.141.59/selenium-support-3.141.59.jar:/Users/trungdao/.m2/repository/net/bytebuddy/byte-buddy/1.8.15/byte-buddy-1.8.15.jar:/Users/trungdao/.m2/repository/org/apache/commons/commons-exec/1.3/commons-exec-1.3.jar:/Users/trungdao/.m2/repository/com/squareup/okhttp3/okhttp/3.11.0/okhttp-3.11.0.jar:/Users/trungdao/.m2/repository/com/squareup/okio/okio/1.14.0/okio-1.14.0.jar:/Users/trungdao/.m2/repository/io/github/bonigarcia/webdrivermanager/4.1.0/webdrivermanager-4.1.0.jar:/Users/trungdao/.m2/repository/org/slf4j/slf4j-api/1.7.30/slf4j-api-1.7.30.jar:/Users/trungdao/.m2/repository/commons-io/commons-io/2.7/commons-io-2.7.jar:/Users/trungdao/.m2/repository/com/google/code/gson/gson/2.8.6/gson-2.8.6.jar:/Users/trungdao/.m2/repository/org/apache/commons/commons-lang3/3.10/commons-lang3-3.10.jar:/Users/trungdao/.m2/repository/org/apache/httpcomponents/client5/httpclient5/5.0.1/httpclient5-5.0.1.jar:/Users/trungdao/.m2/repository/org/apache/httpcomponents/core5/httpcore5/5.0.1/httpcore5-5.0.1.jar:/Users/trungdao/.m2/repository/org/apache/httpcomponents/core5/httpcore5-h2/5.0.1/httpcore5-h2-5.0.1.jar:/Users/trungdao/.m2/repository/commons-codec/commons-codec/1.13/commons-codec-1.13.jar:/Users/trungdao/.m2/repository/org/rauschig/jarchivelib/1.0.0/jarchivelib-1.0.0.jar:/Users/trungdao/.m2/repository/org/jsoup/jsoup/1.13.1/jsoup-1.13.1.jar:/Users/trungdao/.m2/repository/org/uncommons/reportng/1.1.4/reportng-1.1.4.jar:/Users/trungdao/.m2/repository/velocity/velocity/1.4/velocity-1.4.jar:/Users/trungdao/.m2/repository/velocity/velocity-dep/1.4/velocity-dep-1.4.jar:/Users/trungdao/.m2/repository/com/fasterxml/jackson/core/jackson-databind/2.11.2/jackson-databind-2.11.2.jar:/Users/trungdao/.m2/repository/com/fasterxml/jackson/core/jackson-annotations/2.11.2/jackson-annotations-2.11.2.jar:/Users/trungdao/.m2/repository/com/fasterxml/jackson/core/jackson-core/2.11.2/jackson-core-2.11.2.jar:/Users/trungdao/.m2/repository/com/aventstack/extentreports/5.0.3/extentreports-5.0.3.jar:/Users/trungdao/.m2/repository/io/reactivex/rxjava3/rxjava/3.0.4/rxjava-3.0.4.jar:/Users/trungdao/.m2/repository/org/reactivestreams/reactive-streams/1.0.3/reactive-streams-1.0.3.jar:/Users/trungdao/.m2/repository/org/freemarker/freemarker/2.3.30/freemarker-2.3.30.jar:/Users/trungdao/.m2/repository/org/projectlombok/lombok/1.18.12/lombok-1.18.12.jar:/Users/trungdao/.m2/repository/log4j/log4j/1.2.17/log4j-1.2.17.jar:/Users/trungdao/.m2/repository/commons-logging/commons-logging/1.2/commons-logging-1.2.jar:/Users/trungdao/.m2/repository/com/github/javafaker/javafaker/1.0.2/javafaker-1.0.2.jar:/Users/trungdao/.m2/repository/org/yaml/snakeyaml/1.23/snakeyaml-1.23-android.jar:/Users/trungdao/.m2/repository/com/github/mifmif/generex/1.0.2/generex-1.0.2.jar:/Users/trungdao/.m2/repository/dk/brics/automaton/automaton/1.11-8/automaton-1.11-8.jar:/Users/trungdao/.m2/repository/org/apache/poi/poi-ooxml/4.1.2/poi-ooxml-4.1.2.jar:/Users/trungdao/.m2/repository/org/apache/poi/poi/4.1.2/poi-4.1.2.jar:/Users/trungdao/.m2/repository/org/apache/commons/commons-collections4/4.4/commons-collections4-4.4.jar:/Users/trungdao/.m2/repository/org/apache/commons/commons-math3/3.6.1/commons-math3-3.6.1.jar:/Users/trungdao/.m2/repository/com/zaxxer/SparseBitSet/1.2/SparseBitSet-1.2.jar:/Users/trungdao/.m2/repository/org/apache/poi/poi-ooxml-schemas/4.1.2/poi-ooxml-schemas-4.1.2.jar:/Users/trungdao/.m2/repository/org/apache/xmlbeans/xmlbeans/3.1.0/xmlbeans-3.1.0.jar:/Users/trungdao/.m2/repository/org/apache/commons/commons-compress/1.19/commons-compress-1.19.jar:/Users/trungdao/.m2/repository/com/github/virtuald/curvesapi/1.06/curvesapi-1.06.jar:/Users/trungdao/.m2/repository/org/slf4j/slf4j-nop/1.7.30/slf4j-nop-1.7.30.jar:"/>
    <property name="sun.cpu.endian" value="little"/>
    <property name="user.home" value="/Users/trungdao"/>
    <property name="user.language" value="en"/>
    <property name="java.specification.vendor" value="Oracle Corporation"/>
    <property name="java.home" value="/Library/Java/JavaVirtualMachines/jdk1.8.0_271.jdk/Contents/Home/jre"/>
    <property name="basedir" value="/Users/trungdao/Desktop/eclipse workspace/trungdd-pet-project"/>
    <property name="file.separator" value="/"/>
    <property name="line.separator" value="&#10;"/>
    <property name="java.vm.specification.vendor" value="Oracle Corporation"/>
    <property name="java.specification.name" value="Java Platform API Specification"/>
    <property name="java.awt.graphicsenv" value="sun.awt.CGraphicsEnvironment"/>
    <property name="surefire.real.class.path" value="/Users/trungdao/Desktop/eclipse workspace/trungdd-pet-project/target/surefire/surefirebooter8005467599975786064.jar"/>
    <property name="sun.boot.class.path" value="/Library/Java/JavaVirtualMachines/jdk1.8.0_271.jdk/Contents/Home/jre/lib/resources.jar:/Library/Java/JavaVirtualMachines/jdk1.8.0_271.jdk/Contents/Home/jre/lib/rt.jar:/Library/Java/JavaVirtualMachines/jdk1.8.0_271.jdk/Contents/Home/jre/lib/sunrsasign.jar:/Library/Java/JavaVirtualMachines/jdk1.8.0_271.jdk/Contents/Home/jre/lib/jsse.jar:/Library/Java/JavaVirtualMachines/jdk1.8.0_271.jdk/Contents/Home/jre/lib/jce.jar:/Library/Java/JavaVirtualMachines/jdk1.8.0_271.jdk/Contents/Home/jre/lib/charsets.jar:/Library/Java/JavaVirtualMachines/jdk1.8.0_271.jdk/Contents/Home/jre/lib/jfr.jar:/Library/Java/JavaVirtualMachines/jdk1.8.0_271.jdk/Contents/Home/jre/classes"/>
    <property name="sun.management.compiler" value="HotSpot 64-Bit Tiered Compilers"/>
    <property name="ftp.nonProxyHosts" value="local|*.local|169.254/16|*.169.254/16"/>
    <property name="java.runtime.version" value="1.8.0_271-b09"/>
    <property name="user.name" value="trungdao"/>
    <property name="path.separator" value=":"/>
    <property name="os.version" value="10.16"/>
    <property name="java.endorsed.dirs" value="/Library/Java/JavaVirtualMachines/jdk1.8.0_271.jdk/Contents/Home/jre/lib/endorsed"/>
    <property name="java.runtime.name" value="Java(TM) SE Runtime Environment"/>
    <property name="file.encoding" value="UTF-8"/>
    <property name="java.vm.name" value="Java HotSpot(TM) 64-Bit Server VM"/>
    <property name="localRepository" value="/Users/trungdao/.m2/repository"/>
    <property name="java.vendor.url.bug" value="http://bugreport.sun.com/bugreport/"/>
    <property name="java.io.tmpdir" value="/var/folders/w6/qkj5v_sj3pj3tz3nq5d59mwh0000gn/T/"/>
    <property name="java.version" value="1.8.0_271"/>
    <property name="user.dir" value="/Users/trungdao/Desktop/eclipse workspace/trungdd-pet-project"/>
    <property name="os.arch" value="x86_64"/>
    <property name="java.vm.specification.name" value="Java Virtual Machine Specification"/>
    <property name="java.awt.printerjob" value="sun.lwawt.macosx.CPrinterJob"/>
    <property name="sun.os.patch.level" value="unknown"/>
    <property name="java.library.path" value="/Users/trungdao/Library/Java/Extensions:/Library/Java/Extensions:/Network/Library/Java/Extensions:/System/Library/Java/Extensions:/usr/lib/java:."/>
    <property name="java.vm.info" value="mixed mode"/>
    <property name="java.vendor" value="Oracle Corporation"/>
    <property name="java.vm.version" value="25.271-b09"/>
    <property name="java.ext.dirs" value="/Users/trungdao/Library/Java/Extensions:/Library/Java/JavaVirtualMachines/jdk1.8.0_271.jdk/Contents/Home/jre/lib/ext:/Library/Java/Extensions:/Network/Library/Java/Extensions:/System/Library/Java/Extensions:/usr/lib/java"/>
    <property name="sun.io.unicode.encoding" value="UnicodeBig"/>
    <property name="java.class.version" value="52.0"/>
    <property name="socksNonProxyHosts" value="local|*.local|169.254/16|*.169.254/16"/>
  </properties>
  <testcase name="TC_01_Add_Product_to_Cart" classname="nopCommerce.Test_07_Order" time="12.502"/>
  <testcase name="TC_02_Edit_Product_in_Shopping_Cart" classname="nopCommerce.Test_07_Order" time="8.446"/>
  <testcase name="TC_03_Remove_from_Cart" classname="nopCommerce.Test_07_Order" time="1.878"/>
  <testcase name="TC_04_Update_Shopping_Cart" classname="nopCommerce.Test_07_Order" time="10.041"/>
  <testcase name="TC_05_Checkout_Order" classname="nopCommerce.Test_07_Order" time="23.091"/>
</testsuite>