<?xml version="1.0" encoding="UTF-8"?>
<!-- Generated by org.testng.reporters.JUnitReportReporter -->
<testsuite skipped="0" hostname="Trungs-MacBook-Pro.local" name="nopCommerce.Test_07_Order" tests="5" failures="0" timestamp="2021-09-13T22:29:36 ICT" time="55.957" errors="0">
  <testcase name="TC_01_Add_Product_to_Cart" time="12.500" classname="nopCommerce.Test_07_Order"/>
  <system-out/>
  <testcase name="TC_03_Remove_from_Cart" time="1.878" classname="nopCommerce.Test_07_Order"/>
  <system-out/>
  <testcase name="TC_04_Update_Shopping_Cart" time="10.041" classname="nopCommerce.Test_07_Order"/>
  <system-out/>
  <testcase name="TC_05_Checkout_Order" time="23.092" classname="nopCommerce.Test_07_Order"/>
  <system-out/>
  <testcase name="TC_02_Edit_Product_in_Shopping_Cart" time="8.446" classname="nopCommerce.Test_07_Order"/>
  <system-out/>
</testsuite> <!-- nopCommerce.Test_07_Order -->
